<?xml version="1.0" encoding="UTF-8"?>
<!-- Generated by org.testng.reporters.JUnitReportReporter -->
<testsuite skipped="0" hostname="IM-RT-LP-050" name="CFITR.Export" tests="1" failures="0" timestamp="19 Jul 2018 09:48:20 GMT" time="68.456" errors="0">
  <testcase name="testing" time="68.456" classname="CFITR.Export"/>
</testsuite> <!-- CFITR.Export -->
