<?xml version="1.0" encoding="UTF-8"?>
<!-- Generated by org.testng.reporters.JUnitReportReporter -->
<testsuite skipped="0" hostname="IM-RT-LP-050" name="CFITR.Import" tests="1" failures="0" timestamp="18 Jul 2018 12:34:30 GMT" time="60.323" errors="0">
  <testcase name="testing" time="60.323" classname="CFITR.Import"/>
</testsuite> <!-- CFITR.Import -->
