<?xml version="1.0" encoding="UTF-8"?>
<!-- Generated by org.testng.reporters.JUnitReportReporter -->
<testsuite skipped="0" hostname="IM-RT-LP-050" name="CFITR.Create_Proj" tests="1" failures="0" timestamp="18 Jul 2018 10:58:17 GMT" time="67.301" errors="0">
  <testcase name="testing" time="67.301" classname="CFITR.Create_Proj"/>
</testsuite> <!-- CFITR.Create_Proj -->
