<?xml version="1.0" encoding="UTF-8"?>
<!-- Generated by org.testng.reporters.JUnitReportReporter -->
<testsuite skipped="0" hostname="IM-RT-LP-050" name="Testng.Demo2" tests="1" failures="0" timestamp="02 Jul 2018 11:33:17 GMT" time="0.001" errors="0">
  <testcase name="test2" time="0.001" classname="Testng.Demo2"/>
</testsuite> <!-- Testng.Demo2 -->
